<?xml version="1.0" encoding="UTF-8"?>
<!-- Generated by org.testng.reporters.JUnitReportReporter -->
<testsuite skipped="0" hostname="AUTOBOT006" name="azure_selenium_group.azure_selenium_artefact.Second_Test" tests="1" failures="0" timestamp="2020-07-14T10:59:14 IST" time="15.191" errors="0">
  <testcase name="f" time="15.191" classname="azure_selenium_group.azure_selenium_artefact.Second_Test"/>
  <system-out/>
</testsuite> <!-- azure_selenium_group.azure_selenium_artefact.Second_Test -->
